<?xml version="1.0" encoding="UTF-8"?>
<robot generator="Robot 3.2.2 (Python 3.9.4 on win32)" generated="20210921 08:29:35.366" rpa="false">
<suite id="s1" name="SeleniumAutomation" source="D:\B-Mine\Company\Company\Iverson\automation_workspace\SeleniumAutomation">
<suite id="s1-s1" name="SeleniumAdvanceSuite" source="D:\B-Mine\Company\Company\Iverson\automation_workspace\SeleniumAutomation\SeleniumAdvanceSuite">
<suite id="s1-s1-s1" name="Selenium Suite" source="D:\B-Mine\Company\Company\Iverson\automation_workspace\SeleniumAutomation\SeleniumAdvanceSuite\selenium_suite.robot">
<test id="s1-s1-s1-t1" name="TC11 WebTable">
<kw name="Append To Environment Variable" library="OperatingSystem">
<doc>Appends given ``values`` to environment variable ``name``.</doc>
<arguments>
<arg>Path</arg>
<arg>C:\\components</arg>
</arguments>
<msg timestamp="20210921 08:29:36.214" level="INFO">Environment variable 'Path' set to value 'D:/eclipse//plugins/org.eclipse.justj.openjdk.hotspot.jre.full.win32.x86_64_16.0.1.v20210528-1205/jre/bin/server;D:/eclipse//plugins/org.eclipse.justj.openjdk.hotspot.jre.full.win32.x86_64_16.0.1.v20210528-1205/jre/bin;C:\Program Files\Common Files\Oracle\Java\javapath1;C:\Program Files\Python39\;C:\WINDOWS\system32;C:\WINDOWS;C:\WINDOWS\System32\Wbem;C:\WINDOWS\System32\WindowsPowerShell\v1.0\;C:\WINDOWS\System32\OpenSSH\;C:\Users\JiDi\AppData\Local\Android\Sdk\platform-tools;C:\Users\JiDi\AppData\Local\Android\Sdk\emulator;C:\Program Files\nodejs\;C:\Components\Maven\apache-maven-3.6.3\bin;C:\Program Files (x86)\Windows Kits\10\Windows Performance Toolkit\;C:\Program Files\Microsoft SQL Server\130\Tools\Binn\;C:\Program Files\Microsoft SQL Server\Client SDK\ODBC\170\Tools\Binn\;C:\Program Files (x86)\Microsoft Visual Studio\2019\Community\Common7\IDE\CommonExtensions\Microsoft\TestWindow;C:\Program Files (x86)\Microsoft Visual Studio\2019\Community\MSBuild\Current\Bin;C:\Program Files\Python39\Scripts;C:\Program Files\dotnet\;C:\Program Files\Git\cmd;C:\Components\CSharp\NUnit.Console-3.12.0\bin\netcoreapp3.1;C:\Program Files\Java\jdk1.8.0_281\bin;C:\Users\JiDi\AppData\Roaming\npm;C:\Users\JiDi\AppData\Local\Microsoft\WindowsApps1;C:\Users\JiDi\.dotnet\tools;C:\Users\JiDi\AppData\Local\Programs\Microsoft VS Code\bin;;D:\eclipse;;C:\components'.</msg>
<status status="PASS" starttime="20210921 08:29:36.211" endtime="20210921 08:29:36.215"></status>
</kw>
<kw name="Open Browser" library="SeleniumLibrary">
<doc>Opens a new browser instance to the optional ``url``.</doc>
<arguments>
<arg>browser=gc</arg>
</arguments>
<msg timestamp="20210921 08:29:36.216" level="INFO">Opening browser 'gc' to base url 'None'.</msg>
<status status="PASS" starttime="20210921 08:29:36.215" endtime="20210921 08:29:38.928"></status>
</kw>
<kw name="Maximize Browser Window" library="SeleniumLibrary">
<doc>Maximizes current browser window.</doc>
<status status="PASS" starttime="20210921 08:29:38.929" endtime="20210921 08:29:39.056"></status>
</kw>
<kw name="Set Selenium Implicit Wait" library="SeleniumLibrary">
<doc>Sets the implicit wait value used by Selenium.</doc>
<arguments>
<arg>30s</arg>
</arguments>
<status status="PASS" starttime="20210921 08:29:39.056" endtime="20210921 08:29:39.059"></status>
</kw>
<kw name="Go To" library="SeleniumLibrary">
<doc>Navigates the current browser window to the provided ``url``.</doc>
<arguments>
<arg>url=https://datatables.net/extensions/select/examples/initialisation/checkbox.html</arg>
</arguments>
<msg timestamp="20210921 08:29:39.060" level="INFO">Opening url 'https://datatables.net/extensions/select/examples/initialisation/checkbox.html'</msg>
<status status="PASS" starttime="20210921 08:29:39.059" endtime="20210921 08:29:44.467"></status>
</kw>
<kw name="Table Should Contain" library="SeleniumLibrary">
<doc>Verifies table contains text ``expected``.</doc>
<arguments>
<arg>//table[@id='example']</arg>
<arg>Bradley Greer</arg>
</arguments>
<status status="PASS" starttime="20210921 08:29:44.469" endtime="20210921 08:29:45.018"></status>
</kw>
<kw name="Table Row Should Contain" library="SeleniumLibrary">
<doc>Verifies that table row contains text ``expected``.</doc>
<arguments>
<arg>//table[@id='example']</arg>
<arg>1</arg>
<arg>Airi Satou</arg>
</arguments>
<status status="PASS" starttime="20210921 08:29:45.019" endtime="20210921 08:29:45.127"></status>
</kw>
<kw name="Table Cell Should Contain" library="SeleniumLibrary">
<doc>Verifies table cell contains text ``expected``.</doc>
<arguments>
<arg>//table[@id='example']</arg>
<arg>2</arg>
<arg>3</arg>
<arg>Accountant</arg>
</arguments>
<msg timestamp="20210921 08:29:45.216" level="INFO">Table cell contains 'Accountant'.</msg>
<status status="PASS" starttime="20210921 08:29:45.128" endtime="20210921 08:29:45.216"></status>
</kw>
<kw name="Table Header Should Contain" library="SeleniumLibrary">
<doc>Verifies table header contains text ``expected``.</doc>
<arguments>
<arg>//table[@id='example']</arg>
<arg>Name</arg>
</arguments>
<status status="PASS" starttime="20210921 08:29:45.217" endtime="20210921 08:29:45.278"></status>
</kw>
<kw name="Get Table Cell" library="SeleniumLibrary">
<doc>Returns contents of a table cell.</doc>
<arguments>
<arg>//table[@id='example']</arg>
<arg>1</arg>
<arg>3</arg>
</arguments>
<assign>
<var>${cell}</var>
</assign>
<msg timestamp="20210921 08:29:45.350" level="INFO">${cell} = Position</msg>
<status status="PASS" starttime="20210921 08:29:45.278" endtime="20210921 08:29:45.351"></status>
</kw>
<kw name="Log To Console" library="BuiltIn">
<doc>Logs the given message to the console.</doc>
<arguments>
<arg>${cell}</arg>
</arguments>
<status status="PASS" starttime="20210921 08:29:45.351" endtime="20210921 08:29:45.352"></status>
</kw>
<status status="PASS" starttime="20210921 08:29:36.210" endtime="20210921 08:29:45.353" critical="yes"></status>
</test>
<status status="PASS" starttime="20210921 08:29:35.509" endtime="20210921 08:29:45.355"></status>
</suite>
<status status="PASS" starttime="20210921 08:29:35.503" endtime="20210921 08:29:45.359"></status>
</suite>
<status status="PASS" starttime="20210921 08:29:35.446" endtime="20210921 08:29:45.362"></status>
</suite>
<statistics>
<total>
<stat pass="1" fail="0">Critical Tests</stat>
<stat pass="1" fail="0">All Tests</stat>
</total>
<tag>
</tag>
<suite>
<stat pass="1" fail="0" id="s1" name="SeleniumAutomation">SeleniumAutomation</stat>
<stat pass="1" fail="0" id="s1-s1" name="SeleniumAdvanceSuite">SeleniumAutomation.SeleniumAdvanceSuite</stat>
<stat pass="1" fail="0" id="s1-s1-s1" name="Selenium Suite">SeleniumAutomation.SeleniumAdvanceSuite.Selenium Suite</stat>
</suite>
</statistics>
<errors>
</errors>
</robot>
