<?xml version="1.0" encoding="UTF-8"?>
<robot generator="Robot 3.2.2 (Python 3.9.4 on win32)" generated="20210921 10:24:32.741" rpa="false">
<suite id="s1" name="SeleniumAutomation" source="D:\B-Mine\Company\Company\Iverson\automation_workspace\SeleniumAutomation">
<suite id="s1-s1" name="SeleniumAdvanceSuite" source="D:\B-Mine\Company\Company\Iverson\automation_workspace\SeleniumAutomation\SeleniumAdvanceSuite">
<suite id="s1-s1-s1" name="Selenium Suite" source="D:\B-Mine\Company\Company\Iverson\automation_workspace\SeleniumAutomation\SeleniumAdvanceSuite\selenium_suite.robot">
<test id="s1-s1-s1-t1" name="TC19_BrowserNotifications">
<kw name="Append To Environment Variable" library="OperatingSystem">
<doc>Appends given ``values`` to environment variable ``name``.</doc>
<arguments>
<arg>Path</arg>
<arg>C:\\components</arg>
</arguments>
<msg timestamp="20210921 10:24:33.191" level="INFO">Environment variable 'Path' set to value 'D:/eclipse//plugins/org.eclipse.justj.openjdk.hotspot.jre.full.win32.x86_64_16.0.1.v20210528-1205/jre/bin/server;D:/eclipse//plugins/org.eclipse.justj.openjdk.hotspot.jre.full.win32.x86_64_16.0.1.v20210528-1205/jre/bin;C:\Program Files\Common Files\Oracle\Java\javapath1;C:\Program Files\Python39\;C:\WINDOWS\system32;C:\WINDOWS;C:\WINDOWS\System32\Wbem;C:\WINDOWS\System32\WindowsPowerShell\v1.0\;C:\WINDOWS\System32\OpenSSH\;C:\Users\JiDi\AppData\Local\Android\Sdk\platform-tools;C:\Users\JiDi\AppData\Local\Android\Sdk\emulator;C:\Program Files\nodejs\;C:\Components\Maven\apache-maven-3.6.3\bin;C:\Program Files (x86)\Windows Kits\10\Windows Performance Toolkit\;C:\Program Files\Microsoft SQL Server\130\Tools\Binn\;C:\Program Files\Microsoft SQL Server\Client SDK\ODBC\170\Tools\Binn\;C:\Program Files (x86)\Microsoft Visual Studio\2019\Community\Common7\IDE\CommonExtensions\Microsoft\TestWindow;C:\Program Files (x86)\Microsoft Visual Studio\2019\Community\MSBuild\Current\Bin;C:\Program Files\Python39\Scripts;C:\Program Files\dotnet\;C:\Program Files\Git\cmd;C:\Components\CSharp\NUnit.Console-3.12.0\bin\netcoreapp3.1;C:\Program Files\Java\jdk1.8.0_281\bin;C:\Users\JiDi\AppData\Roaming\npm;C:\Users\JiDi\AppData\Local\Microsoft\WindowsApps1;C:\Users\JiDi\.dotnet\tools;C:\Users\JiDi\AppData\Local\Programs\Microsoft VS Code\bin;;D:\eclipse;;C:\components'.</msg>
<status status="PASS" starttime="20210921 10:24:33.190" endtime="20210921 10:24:33.192"></status>
</kw>
<kw name="Open Browser" library="SeleniumLibrary">
<doc>Opens a new browser instance to the optional ``url``.</doc>
<arguments>
<arg>browser=gc</arg>
<arg>options=add_argument("--disable-notifications")</arg>
</arguments>
<msg timestamp="20210921 10:24:33.193" level="INFO">Opening browser 'gc' to base url 'None'.</msg>
<status status="PASS" starttime="20210921 10:24:33.192" endtime="20210921 10:24:35.321"></status>
</kw>
<kw name="Maximize Browser Window" library="SeleniumLibrary">
<doc>Maximizes current browser window.</doc>
<status status="PASS" starttime="20210921 10:24:35.321" endtime="20210921 10:24:35.454"></status>
</kw>
<kw name="Set Selenium Implicit Wait" library="SeleniumLibrary">
<doc>Sets the implicit wait value used by Selenium.</doc>
<arguments>
<arg>10s</arg>
</arguments>
<status status="PASS" starttime="20210921 10:24:35.455" endtime="20210921 10:24:35.457"></status>
</kw>
<kw name="Go To" library="SeleniumLibrary">
<doc>Navigates the current browser window to the provided ``url``.</doc>
<arguments>
<arg>https://www.malaysiaairlines.com/in/en.html</arg>
</arguments>
<msg timestamp="20210921 10:24:35.458" level="INFO">Opening url 'https://www.malaysiaairlines.com/in/en.html'</msg>
<status status="PASS" starttime="20210921 10:24:35.458" endtime="20210921 10:24:46.690"></status>
</kw>
<status status="PASS" starttime="20210921 10:24:33.189" endtime="20210921 10:24:46.691" critical="yes"></status>
</test>
<status status="PASS" starttime="20210921 10:24:32.842" endtime="20210921 10:24:46.692"></status>
</suite>
<status status="PASS" starttime="20210921 10:24:32.839" endtime="20210921 10:24:46.696"></status>
</suite>
<status status="PASS" starttime="20210921 10:24:32.815" endtime="20210921 10:24:46.700"></status>
</suite>
<statistics>
<total>
<stat pass="1" fail="0">Critical Tests</stat>
<stat pass="1" fail="0">All Tests</stat>
</total>
<tag>
</tag>
<suite>
<stat pass="1" fail="0" id="s1" name="SeleniumAutomation">SeleniumAutomation</stat>
<stat pass="1" fail="0" id="s1-s1" name="SeleniumAdvanceSuite">SeleniumAutomation.SeleniumAdvanceSuite</stat>
<stat pass="1" fail="0" id="s1-s1-s1" name="Selenium Suite">SeleniumAutomation.SeleniumAdvanceSuite.Selenium Suite</stat>
</suite>
</statistics>
<errors>
</errors>
</robot>
