<?xml version="1.0" encoding="UTF-8"?>
<robot generator="Robot 3.2.2 (Python 3.9.4 on win32)" generated="20210921 11:58:25.558" rpa="false">
<suite id="s1" name="RobotProject" source="D:\B-Mine\Company\Company\Iverson\automation_workspace\RobotProject">
<suite id="s1-s1" name="RobotSuite" source="D:\B-Mine\Company\Company\Iverson\automation_workspace\RobotProject\RobotSuite">
<suite id="s1-s1-s1" name="Robot Suite" source="D:\B-Mine\Company\Company\Iverson\automation_workspace\RobotProject\RobotSuite\robot_suite.robot">
<test id="s1-s1-s1-t1" name="TC5">
<kw name="Log To Console" library="BuiltIn">
<doc>Logs the given message to the console.</doc>
<arguments>
<arg>D:\\B-Mine\\Company\\Company\\Iverson\\automation_workspace\\RobotProject\\RobotSuite</arg>
</arguments>
<status status="PASS" starttime="20210921 11:58:25.633" endtime="20210921 11:58:25.634"></status>
</kw>
<kw name="Log To Console" library="BuiltIn">
<doc>Logs the given message to the console.</doc>
<arguments>
<arg>${EXECDIR}</arg>
</arguments>
<status status="PASS" starttime="20210921 11:58:25.634" endtime="20210921 11:58:25.634"></status>
</kw>
<kw name="Log To Console" library="BuiltIn">
<doc>Logs the given message to the console.</doc>
<arguments>
<arg>${EXECDIR}\driver</arg>
</arguments>
<status status="PASS" starttime="20210921 11:58:25.635" endtime="20210921 11:58:25.635"></status>
</kw>
<kw name="Log To Console" library="BuiltIn">
<doc>Logs the given message to the console.</doc>
<arguments>
<arg>${EXECDIR}\\driver</arg>
</arguments>
<status status="PASS" starttime="20210921 11:58:25.636" endtime="20210921 11:58:25.636"></status>
</kw>
<kw name="Log To Console" library="BuiltIn">
<doc>Logs the given message to the console.</doc>
<arguments>
<arg>${EXECDIR}${/}driver</arg>
</arguments>
<status status="PASS" starttime="20210921 11:58:25.636" endtime="20210921 11:58:25.637"></status>
</kw>
<kw name="Log To Console" library="BuiltIn">
<doc>Logs the given message to the console.</doc>
<arguments>
<arg>${OUTPUT_DIR}</arg>
</arguments>
<status status="PASS" starttime="20210921 11:58:25.637" endtime="20210921 11:58:25.637"></status>
</kw>
<kw name="Log To Console" library="BuiltIn">
<doc>Logs the given message to the console.</doc>
<arguments>
<arg>${SUITE_NAME}</arg>
</arguments>
<status status="PASS" starttime="20210921 11:58:25.637" endtime="20210921 11:58:25.638"></status>
</kw>
<kw name="Log To Console" library="BuiltIn">
<doc>Logs the given message to the console.</doc>
<arguments>
<arg>${TEST_NAME}</arg>
</arguments>
<status status="PASS" starttime="20210921 11:58:25.638" endtime="20210921 11:58:25.638"></status>
</kw>
<kw name="Log To Console" library="BuiltIn">
<doc>Logs the given message to the console.</doc>
<arguments>
<arg>${TEMPDIR}</arg>
</arguments>
<status status="PASS" starttime="20210921 11:58:25.638" endtime="20210921 11:58:25.639"></status>
</kw>
<status status="PASS" starttime="20210921 11:58:25.633" endtime="20210921 11:58:25.639" critical="yes"></status>
</test>
<status status="PASS" starttime="20210921 11:58:25.627" endtime="20210921 11:58:25.640"></status>
</suite>
<status status="PASS" starttime="20210921 11:58:25.624" endtime="20210921 11:58:25.641"></status>
</suite>
<status status="PASS" starttime="20210921 11:58:25.599" endtime="20210921 11:58:25.642"></status>
</suite>
<statistics>
<total>
<stat pass="1" fail="0">Critical Tests</stat>
<stat pass="1" fail="0">All Tests</stat>
</total>
<tag>
</tag>
<suite>
<stat pass="1" fail="0" id="s1" name="RobotProject">RobotProject</stat>
<stat pass="1" fail="0" id="s1-s1" name="RobotSuite">RobotProject.RobotSuite</stat>
<stat pass="1" fail="0" id="s1-s1-s1" name="Robot Suite">RobotProject.RobotSuite.Robot Suite</stat>
</suite>
</statistics>
<errors>
</errors>
</robot>
