<?xml version="1.0" encoding="UTF-8"?>
<robot generator="Robot 3.2.2 (Python 3.9.4 on win32)" generated="20210921 13:48:06.024" rpa="false">
<suite id="s1" name="RobotProject" source="D:\B-Mine\Company\Company\Iverson\automation_workspace\RobotProject">
<suite id="s1-s1" name="RobotSuite" source="D:\B-Mine\Company\Company\Iverson\automation_workspace\RobotProject\RobotSuite">
<suite id="s1-s1-s1" name="Robot Suite" source="D:\B-Mine\Company\Company\Iverson\automation_workspace\RobotProject\RobotSuite\robot_suite.robot">
<test id="s1-s1-s1-t1" name="TC12">
<kw name="Check Postive Or Negative">
<arguments>
<arg>-45</arg>
</arguments>
<assign>
<var>${text}</var>
</assign>
<kw name="Run Keyword If" library="BuiltIn">
<doc>Runs the given keyword with the given arguments, if ``condition`` is true.</doc>
<arguments>
<arg>${num}&lt;0</arg>
<arg>Return From Keyword</arg>
<arg>negative</arg>
</arguments>
<kw name="Return From Keyword" library="BuiltIn">
<doc>Returns from the enclosing user keyword.</doc>
<arguments>
<arg>negative</arg>
</arguments>
<msg timestamp="20210921 13:48:06.110" level="INFO">Returning from the enclosing user keyword.</msg>
<status status="PASS" starttime="20210921 13:48:06.109" endtime="20210921 13:48:06.111"></status>
</kw>
<status status="PASS" starttime="20210921 13:48:06.108" endtime="20210921 13:48:06.111"></status>
</kw>
<msg timestamp="20210921 13:48:06.112" level="INFO">${text} = negative</msg>
<status status="PASS" starttime="20210921 13:48:06.108" endtime="20210921 13:48:06.112"></status>
</kw>
<kw name="Log To Console" library="BuiltIn">
<doc>Logs the given message to the console.</doc>
<arguments>
<arg>${text}</arg>
</arguments>
<status status="PASS" starttime="20210921 13:48:06.112" endtime="20210921 13:48:06.117"></status>
</kw>
<status status="PASS" starttime="20210921 13:48:06.107" endtime="20210921 13:48:06.117" critical="yes"></status>
</test>
<status status="PASS" starttime="20210921 13:48:06.095" endtime="20210921 13:48:06.118"></status>
</suite>
<status status="PASS" starttime="20210921 13:48:06.091" endtime="20210921 13:48:06.120"></status>
</suite>
<status status="PASS" starttime="20210921 13:48:06.064" endtime="20210921 13:48:06.121"></status>
</suite>
<statistics>
<total>
<stat pass="1" fail="0">Critical Tests</stat>
<stat pass="1" fail="0">All Tests</stat>
</total>
<tag>
</tag>
<suite>
<stat pass="1" fail="0" id="s1" name="RobotProject">RobotProject</stat>
<stat pass="1" fail="0" id="s1-s1" name="RobotSuite">RobotProject.RobotSuite</stat>
<stat pass="1" fail="0" id="s1-s1-s1" name="Robot Suite">RobotProject.RobotSuite.Robot Suite</stat>
</suite>
</statistics>
<errors>
</errors>
</robot>
