<?xml version="1.0" encoding="UTF-8"?>
<robot generator="Robot 3.2.2 (Python 3.9.4 on win32)" generated="20210921 12:03:49.372" rpa="false">
<suite id="s1" name="OpenEMRApplication" source="D:\B-Mine\Company\Company\Iverson\automation_workspace\OpenEMRApplication">
<suite id="s1-s1" name="LoginSuite" source="D:\B-Mine\Company\Company\Iverson\automation_workspace\OpenEMRApplication\LoginSuite">
<suite id="s1-s1-s1" name="Verify Valid Credential Tests" source="D:\B-Mine\Company\Company\Iverson\automation_workspace\OpenEMRApplication\LoginSuite\verify_valid_credential_tests.robot">
<test id="s1-s1-s1-t1" name="Verify Valid Credential Tests">
<kw name="Append To Environment Variable" library="OperatingSystem">
<doc>Appends given ``values`` to environment variable ``name``.</doc>
<arguments>
<arg>Path</arg>
<arg>${EXECDIR}${/}driver</arg>
</arguments>
<msg timestamp="20210921 12:03:49.872" level="INFO">Environment variable 'Path' set to value 'D:/eclipse//plugins/org.eclipse.justj.openjdk.hotspot.jre.full.win32.x86_64_16.0.1.v20210528-1205/jre/bin/server;D:/eclipse//plugins/org.eclipse.justj.openjdk.hotspot.jre.full.win32.x86_64_16.0.1.v20210528-1205/jre/bin;C:\Program Files\Common Files\Oracle\Java\javapath1;C:\Program Files\Python39\;C:\WINDOWS\system32;C:\WINDOWS;C:\WINDOWS\System32\Wbem;C:\WINDOWS\System32\WindowsPowerShell\v1.0\;C:\WINDOWS\System32\OpenSSH\;C:\Users\JiDi\AppData\Local\Android\Sdk\platform-tools;C:\Users\JiDi\AppData\Local\Android\Sdk\emulator;C:\Program Files\nodejs\;C:\Components\Maven\apache-maven-3.6.3\bin;C:\Program Files (x86)\Windows Kits\10\Windows Performance Toolkit\;C:\Program Files\Microsoft SQL Server\130\Tools\Binn\;C:\Program Files\Microsoft SQL Server\Client SDK\ODBC\170\Tools\Binn\;C:\Program Files (x86)\Microsoft Visual Studio\2019\Community\Common7\IDE\CommonExtensions\Microsoft\TestWindow;C:\Program Files (x86)\Microsoft Visual Studio\2019\Community\MSBuild\Current\Bin;C:\Program Files\Python39\Scripts;C:\Program Files\dotnet\;C:\Program Files\Git\cmd;C:\Components\CSharp\NUnit.Console-3.12.0\bin\netcoreapp3.1;C:\Program Files\Java\jdk1.8.0_281\bin;C:\Users\JiDi\AppData\Roaming\npm;C:\Users\JiDi\AppData\Local\Microsoft\WindowsApps1;C:\Users\JiDi\.dotnet\tools;C:\Users\JiDi\AppData\Local\Programs\Microsoft VS Code\bin;;D:\eclipse;;D:\B-Mine\Company\Company\Iverson\automation_workspace\OpenEMRApplication\driver'.</msg>
<status status="PASS" starttime="20210921 12:03:49.871" endtime="20210921 12:03:49.872"></status>
</kw>
<kw name="Open Browser" library="SeleniumLibrary">
<doc>Opens a new browser instance to the optional ``url``.</doc>
<arguments>
<arg>browser=chrome</arg>
</arguments>
<msg timestamp="20210921 12:03:49.873" level="INFO">Opening browser 'chrome' to base url 'None'.</msg>
<status status="PASS" starttime="20210921 12:03:49.872" endtime="20210921 12:03:52.548"></status>
</kw>
<kw name="Maximize Browser Window" library="SeleniumLibrary">
<doc>Maximizes current browser window.</doc>
<status status="PASS" starttime="20210921 12:03:52.548" endtime="20210921 12:03:52.682"></status>
</kw>
<kw name="Set Selenium Implicit Wait" library="SeleniumLibrary">
<doc>Sets the implicit wait value used by Selenium.</doc>
<arguments>
<arg>30s</arg>
</arguments>
<status status="PASS" starttime="20210921 12:03:52.683" endtime="20210921 12:03:52.684"></status>
</kw>
<kw name="Go To" library="SeleniumLibrary">
<doc>Navigates the current browser window to the provided ``url``.</doc>
<arguments>
<arg>url=https://demo.openemr.io/b/openemr</arg>
</arguments>
<msg timestamp="20210921 12:03:52.685" level="INFO">Opening url 'https://demo.openemr.io/b/openemr'</msg>
<status status="PASS" starttime="20210921 12:03:52.685" endtime="20210921 12:03:56.150"></status>
</kw>
<kw name="Input Text" library="SeleniumLibrary">
<doc>Types the given ``text`` into the text field identified by ``locator``.</doc>
<arguments>
<arg>id=authUser</arg>
<arg>admin123</arg>
</arguments>
<msg timestamp="20210921 12:03:56.151" level="INFO">Typing text 'admin123' into text field 'id=authUser'.</msg>
<status status="PASS" starttime="20210921 12:03:56.151" endtime="20210921 12:03:56.282"></status>
</kw>
<kw name="Input Password" library="SeleniumLibrary">
<doc>Types the given password into the text field identified by ``locator``.</doc>
<arguments>
<arg>id=clearPass</arg>
<arg>pass</arg>
</arguments>
<msg timestamp="20210921 12:03:56.283" level="INFO">Typing password into text field 'id=clearPass'.</msg>
<msg timestamp="20210921 12:03:56.326" level="INFO">Temporally setting log level to: NONE</msg>
<msg timestamp="20210921 12:03:56.369" level="INFO">Log level changed from NONE to INFO.</msg>
<status status="PASS" starttime="20210921 12:03:56.283" endtime="20210921 12:03:56.369"></status>
</kw>
<kw name="Select From List By Label" library="SeleniumLibrary">
<doc>Selects options from selection list ``locator`` by ``labels``.</doc>
<arguments>
<arg>name=languageChoice</arg>
<arg>English (Indian)</arg>
</arguments>
<msg timestamp="20210921 12:03:56.370" level="INFO">Selecting options from selection list 'name=languageChoice' by label English (Indian).</msg>
<status status="PASS" starttime="20210921 12:03:56.370" endtime="20210921 12:03:56.448"></status>
</kw>
<kw name="Click Element" library="SeleniumLibrary">
<doc>Click the element identified by ``locator``.</doc>
<arguments>
<arg>xpath=//button[@type='submit']</arg>
</arguments>
<msg timestamp="20210921 12:03:56.449" level="INFO">Clicking element 'xpath=//button[@type='submit']'.</msg>
<status status="PASS" starttime="20210921 12:03:56.449" endtime="20210921 12:03:57.780"></status>
</kw>
<kw name="Page Should Contain" library="SeleniumLibrary">
<doc>Verifies that current page contains ``text``.</doc>
<arguments>
<arg>Messages</arg>
</arguments>
<kw name="Capture Page Screenshot" library="SeleniumLibrary">
<doc>Takes a screenshot of the current page and embeds it into a log file.</doc>
<msg timestamp="20210921 12:04:58.216" level="INFO" html="yes">&lt;/td&gt;&lt;/tr&gt;&lt;tr&gt;&lt;td colspan="3"&gt;&lt;a href="selenium-screenshot-1.png"&gt;&lt;img src="selenium-screenshot-1.png" width="800px"&gt;&lt;/a&gt;</msg>
<status status="PASS" starttime="20210921 12:04:57.832" endtime="20210921 12:04:58.216"></status>
</kw>
<msg timestamp="20210921 12:04:58.219" level="FAIL">Page should have contained text 'Messages' but did not.</msg>
<status status="FAIL" starttime="20210921 12:03:57.780" endtime="20210921 12:04:58.219"></status>
</kw>
<status status="FAIL" starttime="20210921 12:03:49.870" endtime="20210921 12:04:58.219" critical="yes">Page should have contained text 'Messages' but did not.</status>
</test>
<doc>This suite will handles all the test case related to valid credentials
Stories connected with OP-TC-02</doc>
<status status="FAIL" starttime="20210921 12:03:49.475" endtime="20210921 12:04:58.221"></status>
</suite>
<status status="FAIL" starttime="20210921 12:03:49.470" endtime="20210921 12:04:58.224"></status>
</suite>
<status status="FAIL" starttime="20210921 12:03:49.420" endtime="20210921 12:04:58.226"></status>
</suite>
<statistics>
<total>
<stat pass="0" fail="1">Critical Tests</stat>
<stat pass="0" fail="1">All Tests</stat>
</total>
<tag>
</tag>
<suite>
<stat pass="0" fail="1" id="s1" name="OpenEMRApplication">OpenEMRApplication</stat>
<stat pass="0" fail="1" id="s1-s1" name="LoginSuite">OpenEMRApplication.LoginSuite</stat>
<stat pass="0" fail="1" id="s1-s1-s1" name="Verify Valid Credential Tests">OpenEMRApplication.LoginSuite.Verify Valid Credential Tests</stat>
</suite>
</statistics>
<errors>
</errors>
</robot>
